<?xml version="1.0" encoding="UTF-8"?>
<!-- Generated by org.testng.reporters.JUnitXMLReporter -->
<testsuite hostname="DESKTOP-0FSG9OD" ignored="0" name="Default test" tests="3" failures="0" timestamp="15 Feb 2021 18:10:44 GMT" time="12.818" errors="0">
  <testcase name="demoTest" time="0.012" classname="com.sample.test.demo.tests.DemoTest"/>
  <testcase name="negativeTest" time="3.226" classname="com.sample.test.demo.tests.DemoTest"/>
  <testcase name="positiveTest" time="2.215" classname="com.sample.test.demo.tests.DemoTest"/>
</testsuite> <!-- Default test -->
