<?xml version="1.0" encoding="UTF-8"?>
<testng-results skipped="0" failed="0" ignored="0" total="3" passed="3">
  <reporter-output>
  </reporter-output>
  <suite name="Default suite" duration-ms="12818" started-at="2021-02-15T18:10:32Z" finished-at="2021-02-15T18:10:44Z">
    <groups>
    </groups>
    <test name="Default test" duration-ms="12818" started-at="2021-02-15T18:10:32Z" finished-at="2021-02-15T18:10:44Z">
      <class name="com.sample.test.demo.tests.DemoTest">
        <test-method status="PASS" signature="init()[pri:0, instance:com.sample.test.demo.tests.DemoTest@56ac3a89]" name="init" is-config="true" duration-ms="6542" started-at="2021-02-15T18:10:32Z" finished-at="2021-02-15T18:10:38Z">
          <reporter-output>
          </reporter-output>
        </test-method> <!-- init -->
        <test-method status="PASS" signature="demoTest()[pri:0, instance:com.sample.test.demo.tests.DemoTest@56ac3a89]" name="demoTest" duration-ms="12" started-at="2021-02-15T18:10:38Z" finished-at="2021-02-15T18:10:38Z">
          <reporter-output>
          </reporter-output>
        </test-method> <!-- demoTest -->
        <test-method status="PASS" signature="negativeTest()[pri:0, instance:com.sample.test.demo.tests.DemoTest@56ac3a89]" name="negativeTest" duration-ms="3226" started-at="2021-02-15T18:10:38Z" finished-at="2021-02-15T18:10:41Z">
          <reporter-output>
          </reporter-output>
        </test-method> <!-- negativeTest -->
        <test-method status="PASS" signature="positiveTest()[pri:0, instance:com.sample.test.demo.tests.DemoTest@56ac3a89]" name="positiveTest" duration-ms="2215" started-at="2021-02-15T18:10:41Z" finished-at="2021-02-15T18:10:44Z">
          <reporter-output>
          </reporter-output>
        </test-method> <!-- positiveTest -->
        <test-method status="PASS" signature="tearDown()[pri:0, instance:com.sample.test.demo.tests.DemoTest@56ac3a89]" name="tearDown" is-config="true" duration-ms="748" started-at="2021-02-15T18:10:44Z" finished-at="2021-02-15T18:10:44Z">
          <reporter-output>
          </reporter-output>
        </test-method> <!-- tearDown -->
      </class> <!-- com.sample.test.demo.tests.DemoTest -->
    </test> <!-- Default test -->
  </suite> <!-- Default suite -->
</testng-results>
